<?xml version="1.0" ?>
<!DOCTYPE coverage SYSTEM "http://cobertura.sourceforge.net/xml/coverage-04.dtd">
<coverage lines-valid="26" lines-covered="20" line-rate="0.7692" branches-valid="0" branches-covered="0" branch-rate="1" timestamp="1635872533009" complexity="0" version="0.1">
  <sources>
    <source>/Users/lizhuo/Desktop/丰羽计划-lz</source>
  </sources>
  <packages>
    <package name="table" line-rate="1" branch-rate="1">
      <classes>
        <class name="Table.vue" filename="src/table/Table.vue" line-rate="1" branch-rate="1">
          <methods>
            <method name="(anonymous_2)" hits="2" signature="()V">
              <lines>
                <line number="25" hits="2"/>
              </lines>
            </method>
          </methods>
          <lines>
            <line number="14" hits="1" branch="false"/>
            <line number="15" hits="1" branch="false"/>
            <line number="16" hits="1" branch="false"/>
            <line number="26" hits="2" branch="false"/>
            <line number="27" hits="2" branch="false"/>
            <line number="28" hits="2" branch="false"/>
          </lines>
        </class>
        <class name="index.ts" filename="src/table/index.ts" line-rate="0" branch-rate="0">
          <methods>
          </methods>
          <lines>
          </lines>
        </class>
        <class name="types.ts" filename="src/table/types.ts" line-rate="1" branch-rate="1">
          <methods>
            <method name="(anonymous_0)" hits="2" signature="()V">
              <lines>
                <line number="34" hits="2"/>
              </lines>
            </method>
            <method name="(anonymous_1)" hits="2" signature="()V">
              <lines>
                <line number="38" hits="2"/>
              </lines>
            </method>
            <method name="(anonymous_2)" hits="2" signature="()V">
              <lines>
                <line number="42" hits="2"/>
              </lines>
            </method>
          </methods>
          <lines>
            <line number="31" hits="1" branch="false"/>
            <line number="34" hits="2" branch="false"/>
            <line number="38" hits="2" branch="false"/>
            <line number="43" hits="2" branch="false"/>
          </lines>
        </class>
      </classes>
    </package>
    <package name="table.components" line-rate="0.625" branch-rate="1">
      <classes>
        <class name="table_body.tsx" filename="src/table/components/table_body.tsx" line-rate="0.6666" branch-rate="1">
          <methods>
            <method name="(anonymous_0)" hits="2" signature="()V">
              <lines>
                <line number="6" hits="2"/>
              </lines>
            </method>
            <method name="(anonymous_1)" hits="2" signature="()V">
              <lines>
                <line number="14" hits="2"/>
              </lines>
            </method>
            <method name="(anonymous_2)" hits="0" signature="()V">
              <lines>
                <line number="17" hits="0"/>
              </lines>
            </method>
            <method name="(anonymous_3)" hits="0" signature="()V">
              <lines>
                <line number="19" hits="0"/>
              </lines>
            </method>
          </methods>
          <lines>
            <line number="7" hits="2" branch="false"/>
            <line number="8" hits="2" branch="false"/>
            <line number="9" hits="2" branch="false"/>
            <line number="15" hits="2" branch="false"/>
            <line number="18" hits="0" branch="false"/>
            <line number="19" hits="0" branch="false"/>
          </lines>
        </class>
        <class name="table_header.tsx" filename="src/table/components/table_header.tsx" line-rate="0.6" branch-rate="1">
          <methods>
            <method name="(anonymous_0)" hits="2" signature="()V">
              <lines>
                <line number="11" hits="2"/>
              </lines>
            </method>
            <method name="(anonymous_1)" hits="2" signature="()V">
              <lines>
                <line number="21" hits="2"/>
              </lines>
            </method>
            <method name="(anonymous_2)" hits="0" signature="()V">
              <lines>
                <line number="23" hits="0"/>
              </lines>
            </method>
            <method name="(anonymous_3)" hits="0" signature="()V">
              <lines>
                <line number="31" hits="0"/>
              </lines>
            </method>
            <method name="(anonymous_4)" hits="0" signature="()V">
              <lines>
                <line number="33" hits="0"/>
              </lines>
            </method>
          </methods>
          <lines>
            <line number="12" hits="2" branch="false"/>
            <line number="13" hits="2" branch="false"/>
            <line number="14" hits="2" branch="false"/>
            <line number="15" hits="0" branch="false"/>
            <line number="22" hits="2" branch="false"/>
            <line number="23" hits="2" branch="false"/>
            <line number="24" hits="0" branch="false"/>
            <line number="28" hits="2" branch="false"/>
            <line number="32" hits="0" branch="false"/>
            <line number="33" hits="0" branch="false"/>
          </lines>
        </class>
      </classes>
    </package>
  </packages>
</coverage>
