{"/Users/lizhuo/Desktop/丰羽计划-lz/src/table/Table.vue": {"path":"/Users/lizhuo/Desktop/丰羽计划-lz/src/table/Table.vue","statementMap":{"0":{"start":{"line":14,"column":0},"end":{"line":14,"column":null}},"1":{"start":{"line":15,"column":0},"end":{"line":15,"column":null}},"2":{"start":{"line":16,"column":0},"end":{"line":16,"column":null}},"3":{"start":{"line":26,"column":0},"end":{"line":26,"column":null}},"4":{"start":{"line":27,"column":0},"end":{"line":27,"column":null}},"5":{"start":{"line":28,"column":0},"end":{"line":28,"column":null}}},"fnMap":{"0":{"name":"(anonymous_2)","decl":{"start":{"line":25,"column":0},"end":{"line":25,"column":null}},"loc":{"start":{"line":25,"column":0},"end":{"line":32,"column":null}}}},"branchMap":{},"s":{"0":1,"1":1,"2":1,"3":2,"4":2,"5":2},"f":{"0":2},"b":{}}
,"/Users/lizhuo/Desktop/丰羽计划-lz/src/table/index.ts": {"path":"/Users/lizhuo/Desktop/丰羽计划-lz/src/table/index.ts","statementMap":{},"fnMap":{},"branchMap":{},"s":{},"f":{},"b":{},"_coverageSchema":"1a1c01bbd47fc00a2c39e90264f33305004495a9","hash":"7c048f615e6003cf92bc04728dccbb54fe3c41fe"}
,"/Users/lizhuo/Desktop/丰羽计划-lz/src/table/types.ts": {"path":"/Users/lizhuo/Desktop/丰羽计划-lz/src/table/types.ts","statementMap":{"0":{"start":{"line":31,"column":26},"end":{"line":49,"column":1}},"1":{"start":{"line":34,"column":19},"end":{"line":34,"column":21}},"2":{"start":{"line":38,"column":19},"end":{"line":38,"column":21}},"3":{"start":{"line":43,"column":6},"end":{"line":46,"column":7}}},"fnMap":{"0":{"name":"(anonymous_0)","decl":{"start":{"line":34,"column":13},"end":{"line":34,"column":14}},"loc":{"start":{"line":34,"column":19},"end":{"line":34,"column":21}},"line":34},"1":{"name":"(anonymous_1)","decl":{"start":{"line":38,"column":13},"end":{"line":38,"column":14}},"loc":{"start":{"line":38,"column":19},"end":{"line":38,"column":21}},"line":38},"2":{"name":"(anonymous_2)","decl":{"start":{"line":42,"column":13},"end":{"line":42,"column":14}},"loc":{"start":{"line":42,"column":19},"end":{"line":47,"column":5}},"line":42}},"branchMap":{},"s":{"0":1,"1":2,"2":2,"3":2},"f":{"0":2,"1":2,"2":2},"b":{},"_coverageSchema":"1a1c01bbd47fc00a2c39e90264f33305004495a9","hash":"402f340043a3e079ad4af4d78db9aff9cf4c3fdd"}
,"/Users/lizhuo/Desktop/丰羽计划-lz/src/table/components/table_body.tsx": {"path":"/Users/lizhuo/Desktop/丰羽计划-lz/src/table/components/table_body.tsx","statementMap":{"0":{"start":{"line":7,"column":23},"end":{"line":7,"column":48}},"1":{"start":{"line":8,"column":21},"end":{"line":8,"column":43}},"2":{"start":{"line":9,"column":4},"end":{"line":12,"column":5}},"3":{"start":{"line":15,"column":4},"end":{"line":23,"column":5}},"4":{"start":{"line":18,"column":10},"end":{"line":20,"column":15}},"5":{"start":{"line":19,"column":39},"end":{"line":19,"column":72}}},"fnMap":{"0":{"name":"(anonymous_0)","decl":{"start":{"line":6,"column":2},"end":{"line":6,"column":3}},"loc":{"start":{"line":6,"column":16},"end":{"line":13,"column":3}},"line":6},"1":{"name":"(anonymous_1)","decl":{"start":{"line":14,"column":2},"end":{"line":14,"column":3}},"loc":{"start":{"line":14,"column":12},"end":{"line":24,"column":3}},"line":14},"2":{"name":"(anonymous_2)","decl":{"start":{"line":17,"column":29},"end":{"line":17,"column":30}},"loc":{"start":{"line":18,"column":10},"end":{"line":20,"column":15}},"line":18},"3":{"name":"(anonymous_3)","decl":{"start":{"line":19,"column":31},"end":{"line":19,"column":32}},"loc":{"start":{"line":19,"column":39},"end":{"line":19,"column":72}},"line":19}},"branchMap":{},"s":{"0":2,"1":2,"2":2,"3":2,"4":0,"5":0},"f":{"0":2,"1":2,"2":0,"3":0},"b":{},"_coverageSchema":"1a1c01bbd47fc00a2c39e90264f33305004495a9","hash":"d070fb245e1f9d12ed72d529308e145570c18844"}
,"/Users/lizhuo/Desktop/丰羽计划-lz/src/table/components/table_header.tsx": {"path":"/Users/lizhuo/Desktop/丰羽计划-lz/src/table/components/table_header.tsx","statementMap":{"0":{"start":{"line":12,"column":22},"end":{"line":12,"column":44}},"1":{"start":{"line":13,"column":20},"end":{"line":13,"column":47}},"2":{"start":{"line":14,"column":19},"end":{"line":14,"column":42}},"3":{"start":{"line":15,"column":4},"end":{"line":19,"column":5}},"4":{"start":{"line":22,"column":20},"end":{"line":22,"column":32}},"5":{"start":{"line":23,"column":24},"end":{"line":26,"column":5}},"6":{"start":{"line":24,"column":6},"end":{"line":24,"column":18}},"7":{"start":{"line":28,"column":4},"end":{"line":39,"column":5}},"8":{"start":{"line":32,"column":12},"end":{"line":34,"column":38}},"9":{"start":{"line":33,"column":20},"end":{"line":33,"column":59}}},"fnMap":{"0":{"name":"(anonymous_0)","decl":{"start":{"line":11,"column":2},"end":{"line":11,"column":3}},"loc":{"start":{"line":11,"column":16},"end":{"line":20,"column":3}},"line":11},"1":{"name":"(anonymous_1)","decl":{"start":{"line":21,"column":2},"end":{"line":21,"column":3}},"loc":{"start":{"line":21,"column":12},"end":{"line":40,"column":3}},"line":21},"2":{"name":"(anonymous_2)","decl":{"start":{"line":23,"column":24},"end":{"line":23,"column":25}},"loc":{"start":{"line":23,"column":57},"end":{"line":26,"column":5}},"line":23},"3":{"name":"(anonymous_3)","decl":{"start":{"line":31,"column":30},"end":{"line":31,"column":31}},"loc":{"start":{"line":31,"column":53},"end":{"line":35,"column":11}},"line":31},"4":{"name":"(anonymous_4)","decl":{"start":{"line":33,"column":14},"end":{"line":33,"column":15}},"loc":{"start":{"line":33,"column":20},"end":{"line":33,"column":59}},"line":33}},"branchMap":{},"s":{"0":2,"1":2,"2":2,"3":0,"4":2,"5":2,"6":0,"7":2,"8":0,"9":0},"f":{"0":2,"1":2,"2":0,"3":0,"4":0},"b":{},"_coverageSchema":"1a1c01bbd47fc00a2c39e90264f33305004495a9","hash":"275257316d7d7b0413f2eb71200a30138dfd0424"}
}
