{"/Users/lizhuo/Desktop/丰羽计划-lz/src/hooks/useSort.ts": {"path":"/Users/lizhuo/Desktop/丰羽计划-lz/src/hooks/useSort.ts","statementMap":{"0":{"start":{"line":13,"column":2},"end":{"line":13,"column":22}},"1":{"start":{"line":15,"column":24},"end":{"line":15,"column":31}},"2":{"start":{"line":16,"column":22},"end":{"line":16,"column":51}},"3":{"start":{"line":18,"column":20},"end":{"line":18,"column":54}},"4":{"start":{"line":20,"column":2},"end":{"line":20,"column":89}},"5":{"start":{"line":20,"column":59},"end":{"line":20,"column":88}},"6":{"start":{"line":22,"column":2},"end":{"line":22,"column":46}},"7":{"start":{"line":24,"column":2},"end":{"line":26,"column":3}}},"fnMap":{"0":{"name":"useSort","decl":{"start":{"line":12,"column":16},"end":{"line":12,"column":23}},"loc":{"start":{"line":12,"column":70},"end":{"line":27,"column":1}},"line":12},"1":{"name":"(anonymous_1)","decl":{"start":{"line":20,"column":49},"end":{"line":20,"column":50}},"loc":{"start":{"line":20,"column":59},"end":{"line":20,"column":88}},"line":20}},"branchMap":{"0":{"loc":{"start":{"line":18,"column":20},"end":{"line":18,"column":54}},"type":"cond-expr","locations":[{"start":{"line":18,"column":48},"end":{"line":18,"column":49}},{"start":{"line":18,"column":52},"end":{"line":18,"column":54}}],"line":18}},"s":{"0":3,"1":3,"2":3,"3":3,"4":3,"5":11,"6":3,"7":3},"f":{"0":3,"1":11},"b":{"0":[1,2]},"_coverageSchema":"1a1c01bbd47fc00a2c39e90264f33305004495a9","hash":"9b1062c5ca005c2918ea1a1db155f50a608ae15d"}
,"/Users/lizhuo/Desktop/丰羽计划-lz/src/table/Table.vue": {"path":"/Users/lizhuo/Desktop/丰羽计划-lz/src/table/Table.vue","statementMap":{"0":{"start":{"line":18,"column":0},"end":{"line":18,"column":null}},"1":{"start":{"line":19,"column":0},"end":{"line":19,"column":null}},"2":{"start":{"line":20,"column":0},"end":{"line":20,"column":null}},"3":{"start":{"line":21,"column":0},"end":{"line":21,"column":null}},"4":{"start":{"line":32,"column":0},"end":{"line":32,"column":null}},"5":{"start":{"line":33,"column":0},"end":{"line":33,"column":null}},"6":{"start":{"line":34,"column":0},"end":{"line":39,"column":null}},"7":{"start":{"line":35,"column":0},"end":{"line":35,"column":null}},"8":{"start":{"line":36,"column":0},"end":{"line":36,"column":null}},"9":{"start":{"line":41,"column":0},"end":{"line":41,"column":null}}},"fnMap":{"0":{"name":"(anonymous_2)","decl":{"start":{"line":31,"column":0},"end":{"line":31,"column":null}},"loc":{"start":{"line":31,"column":0},"end":{"line":46,"column":null}}},"1":{"name":"(anonymous_3)","decl":{"start":{"line":34,"column":0},"end":{"line":34,"column":null}},"loc":{"start":{"line":34,"column":0},"end":{"line":39,"column":null}}}},"branchMap":{},"s":{"0":1,"1":1,"2":1,"3":1,"4":3,"5":3,"6":3,"7":3,"8":3,"9":3},"f":{"0":3,"1":3},"b":{}}
,"/Users/lizhuo/Desktop/丰羽计划-lz/src/table/const.ts": {"path":"/Users/lizhuo/Desktop/丰羽计划-lz/src/table/const.ts","statementMap":{"0":{"start":{"line":9,"column":30},"end":{"line":9,"column":87}}},"fnMap":{},"branchMap":{},"s":{"0":1},"f":{},"b":{},"_coverageSchema":"1a1c01bbd47fc00a2c39e90264f33305004495a9","hash":"ec3d605225beb2a068956e045ae074bd3a860b31"}
,"/Users/lizhuo/Desktop/丰羽计划-lz/src/table/index.ts": {"path":"/Users/lizhuo/Desktop/丰羽计划-lz/src/table/index.ts","statementMap":{},"fnMap":{},"branchMap":{},"s":{},"f":{},"b":{},"_coverageSchema":"1a1c01bbd47fc00a2c39e90264f33305004495a9","hash":"7c048f615e6003cf92bc04728dccbb54fe3c41fe"}
,"/Users/lizhuo/Desktop/丰羽计划-lz/src/table/types.ts": {"path":"/Users/lizhuo/Desktop/丰羽计划-lz/src/table/types.ts","statementMap":{"0":{"start":{"line":31,"column":26},"end":{"line":49,"column":1}},"1":{"start":{"line":34,"column":19},"end":{"line":34,"column":21}},"2":{"start":{"line":38,"column":19},"end":{"line":38,"column":21}},"3":{"start":{"line":43,"column":6},"end":{"line":46,"column":7}}},"fnMap":{"0":{"name":"(anonymous_0)","decl":{"start":{"line":34,"column":13},"end":{"line":34,"column":14}},"loc":{"start":{"line":34,"column":19},"end":{"line":34,"column":21}},"line":34},"1":{"name":"(anonymous_1)","decl":{"start":{"line":38,"column":13},"end":{"line":38,"column":14}},"loc":{"start":{"line":38,"column":19},"end":{"line":38,"column":21}},"line":38},"2":{"name":"(anonymous_2)","decl":{"start":{"line":42,"column":13},"end":{"line":42,"column":14}},"loc":{"start":{"line":42,"column":19},"end":{"line":47,"column":5}},"line":42}},"branchMap":{},"s":{"0":1,"1":1,"2":1,"3":1},"f":{"0":1,"1":1,"2":1},"b":{},"_coverageSchema":"1a1c01bbd47fc00a2c39e90264f33305004495a9","hash":"402f340043a3e079ad4af4d78db9aff9cf4c3fdd"}
,"/Users/lizhuo/Desktop/丰羽计划-lz/src/table/components/table_body.tsx": {"path":"/Users/lizhuo/Desktop/丰羽计划-lz/src/table/components/table_body.tsx","statementMap":{"0":{"start":{"line":7,"column":23},"end":{"line":7,"column":48}},"1":{"start":{"line":8,"column":21},"end":{"line":8,"column":43}},"2":{"start":{"line":9,"column":4},"end":{"line":12,"column":5}},"3":{"start":{"line":15,"column":4},"end":{"line":23,"column":5}},"4":{"start":{"line":18,"column":10},"end":{"line":20,"column":15}},"5":{"start":{"line":19,"column":39},"end":{"line":19,"column":72}}},"fnMap":{"0":{"name":"(anonymous_0)","decl":{"start":{"line":6,"column":2},"end":{"line":6,"column":3}},"loc":{"start":{"line":6,"column":16},"end":{"line":13,"column":3}},"line":6},"1":{"name":"(anonymous_1)","decl":{"start":{"line":14,"column":2},"end":{"line":14,"column":3}},"loc":{"start":{"line":14,"column":12},"end":{"line":24,"column":3}},"line":14},"2":{"name":"(anonymous_2)","decl":{"start":{"line":17,"column":29},"end":{"line":17,"column":30}},"loc":{"start":{"line":18,"column":10},"end":{"line":20,"column":15}},"line":18},"3":{"name":"(anonymous_3)","decl":{"start":{"line":19,"column":31},"end":{"line":19,"column":32}},"loc":{"start":{"line":19,"column":39},"end":{"line":19,"column":72}},"line":19}},"branchMap":{},"s":{"0":3,"1":3,"2":3,"3":9,"4":32,"5":96},"f":{"0":3,"1":9,"2":32,"3":96},"b":{},"_coverageSchema":"1a1c01bbd47fc00a2c39e90264f33305004495a9","hash":"d070fb245e1f9d12ed72d529308e145570c18844"}
,"/Users/lizhuo/Desktop/丰羽计划-lz/src/table/components/table_header.tsx": {"path":"/Users/lizhuo/Desktop/丰羽计划-lz/src/table/components/table_header.tsx","statementMap":{"0":{"start":{"line":12,"column":2},"end":{"line":12,"column":62}},"1":{"start":{"line":19,"column":22},"end":{"line":19,"column":44}},"2":{"start":{"line":20,"column":20},"end":{"line":20,"column":47}},"3":{"start":{"line":21,"column":23},"end":{"line":24,"column":6}},"4":{"start":{"line":27,"column":21},"end":{"line":37,"column":5}},"5":{"start":{"line":30,"column":6},"end":{"line":30,"column":24}},"6":{"start":{"line":31,"column":6},"end":{"line":31,"column":101}},"7":{"start":{"line":32,"column":6},"end":{"line":32,"column":34}},"8":{"start":{"line":34,"column":6},"end":{"line":34,"column":65}},"9":{"start":{"line":36,"column":6},"end":{"line":36,"column":62}},"10":{"start":{"line":39,"column":4},"end":{"line":44,"column":5}},"11":{"start":{"line":47,"column":17},"end":{"line":47,"column":53}},"12":{"start":{"line":55,"column":24},"end":{"line":61,"column":5}},"13":{"start":{"line":56,"column":6},"end":{"line":59,"column":7}},"14":{"start":{"line":57,"column":8},"end":{"line":57,"column":33}},"15":{"start":{"line":58,"column":8},"end":{"line":58,"column":14}},"16":{"start":{"line":60,"column":6},"end":{"line":60,"column":26}},"17":{"start":{"line":63,"column":4},"end":{"line":77,"column":5}},"18":{"start":{"line":68,"column":12},"end":{"line":72,"column":79}},"19":{"start":{"line":70,"column":16},"end":{"line":70,"column":55}}},"fnMap":{"0":{"name":"getSortStatus","decl":{"start":{"line":11,"column":9},"end":{"line":11,"column":22}},"loc":{"start":{"line":11,"column":61},"end":{"line":13,"column":1}},"line":11},"1":{"name":"(anonymous_1)","decl":{"start":{"line":18,"column":2},"end":{"line":18,"column":3}},"loc":{"start":{"line":18,"column":26},"end":{"line":45,"column":3}},"line":18},"2":{"name":"(anonymous_2)","decl":{"start":{"line":27,"column":21},"end":{"line":27,"column":22}},"loc":{"start":{"line":27,"column":40},"end":{"line":37,"column":5}},"line":27},"3":{"name":"(anonymous_3)","decl":{"start":{"line":46,"column":2},"end":{"line":46,"column":3}},"loc":{"start":{"line":46,"column":12},"end":{"line":78,"column":3}},"line":46},"4":{"name":"(anonymous_4)","decl":{"start":{"line":55,"column":24},"end":{"line":55,"column":25}},"loc":{"start":{"line":55,"column":62},"end":{"line":61,"column":5}},"line":55},"5":{"name":"(anonymous_5)","decl":{"start":{"line":67,"column":29},"end":{"line":67,"column":30}},"loc":{"start":{"line":67,"column":52},"end":{"line":73,"column":11}},"line":67},"6":{"name":"(anonymous_6)","decl":{"start":{"line":69,"column":14},"end":{"line":69,"column":15}},"loc":{"start":{"line":69,"column":20},"end":{"line":71,"column":15}},"line":69}},"branchMap":{"0":{"loc":{"start":{"line":12,"column":9},"end":{"line":12,"column":62}},"type":"cond-expr","locations":[{"start":{"line":12,"column":19},"end":{"line":12,"column":57}},{"start":{"line":12,"column":60},"end":{"line":12,"column":62}}],"line":12},"1":{"loc":{"start":{"line":31,"column":25},"end":{"line":31,"column":101}},"type":"cond-expr","locations":[{"start":{"line":31,"column":58},"end":{"line":31,"column":97}},{"start":{"line":31,"column":100},"end":{"line":31,"column":101}}],"line":31},"2":{"loc":{"start":{"line":56,"column":6},"end":{"line":59,"column":7}},"type":"if","locations":[{"start":{"line":56,"column":6},"end":{"line":59,"column":7}},{"start":{},"end":{}}],"line":56}},"s":{"0":15,"1":3,"2":3,"3":3,"4":3,"5":3,"6":3,"7":3,"8":3,"9":3,"10":3,"11":6,"12":6,"13":3,"14":0,"15":0,"16":3,"17":6,"18":15,"19":3},"f":{"0":15,"1":3,"2":3,"3":6,"4":3,"5":15,"6":3},"b":{"0":[5,10],"1":[3,0],"2":[0,3]},"_coverageSchema":"1a1c01bbd47fc00a2c39e90264f33305004495a9","hash":"795c3e99926f677b1f3b58e0b46383d230d30542"}
}
