TN:
SF:src/hooks/useSort.ts
FN:12,useSort
FN:20,(anonymous_1)
FNF:2
FNH:2
FNDA:3,useSort
FNDA:11,(anonymous_1)
DA:13,3
DA:15,3
DA:16,3
DA:18,3
DA:20,11
DA:22,3
DA:24,3
LF:7
LH:7
BRDA:18,0,0,1
BRDA:18,0,1,2
BRF:2
BRH:2
end_of_record
TN:
SF:src/table/Table.vue
FN:31,(anonymous_2)
FN:34,(anonymous_3)
FNF:2
FNH:2
FNDA:3,(anonymous_2)
FNDA:3,(anonymous_3)
DA:18,1
DA:19,1
DA:20,1
DA:21,1
DA:32,3
DA:33,3
DA:34,3
DA:35,3
DA:36,3
DA:41,3
LF:10
LH:10
BRF:0
BRH:0
end_of_record
TN:
SF:src/table/const.ts
FNF:0
FNH:0
DA:9,1
LF:1
LH:1
BRF:0
BRH:0
end_of_record
TN:
SF:src/table/index.ts
FNF:0
FNH:0
LF:0
LH:0
BRF:0
BRH:0
end_of_record
TN:
SF:src/table/types.ts
FN:34,(anonymous_0)
FN:38,(anonymous_1)
FN:42,(anonymous_2)
FNF:3
FNH:3
FNDA:1,(anonymous_0)
FNDA:1,(anonymous_1)
FNDA:1,(anonymous_2)
DA:31,1
DA:34,1
DA:38,1
DA:43,1
LF:4
LH:4
BRF:0
BRH:0
end_of_record
TN:
SF:src/table/components/table_body.tsx
FN:6,(anonymous_0)
FN:14,(anonymous_1)
FN:17,(anonymous_2)
FN:19,(anonymous_3)
FNF:4
FNH:4
FNDA:3,(anonymous_0)
FNDA:9,(anonymous_1)
FNDA:32,(anonymous_2)
FNDA:96,(anonymous_3)
DA:7,3
DA:8,3
DA:9,3
DA:15,9
DA:18,32
DA:19,96
LF:6
LH:6
BRF:0
BRH:0
end_of_record
TN:
SF:src/table/components/table_header.tsx
FN:11,getSortStatus
FN:18,(anonymous_1)
FN:27,(anonymous_2)
FN:46,(anonymous_3)
FN:55,(anonymous_4)
FN:67,(anonymous_5)
FN:69,(anonymous_6)
FNF:7
FNH:7
FNDA:15,getSortStatus
FNDA:3,(anonymous_1)
FNDA:3,(anonymous_2)
FNDA:6,(anonymous_3)
FNDA:3,(anonymous_4)
FNDA:15,(anonymous_5)
FNDA:3,(anonymous_6)
DA:12,15
DA:19,3
DA:20,3
DA:21,3
DA:27,3
DA:30,3
DA:31,3
DA:32,3
DA:34,3
DA:36,3
DA:39,3
DA:47,6
DA:55,6
DA:56,3
DA:57,0
DA:58,0
DA:60,3
DA:63,6
DA:68,15
DA:70,3
LF:20
LH:18
BRDA:12,0,0,5
BRDA:12,0,1,10
BRDA:31,1,0,3
BRDA:31,1,1,0
BRDA:56,2,0,0
BRDA:56,2,1,3
BRF:6
BRH:4
end_of_record
