TN:
SF:src/table/Table.vue
FN:25,(anonymous_2)
FNF:1
FNH:1
FNDA:2,(anonymous_2)
DA:14,1
DA:15,1
DA:16,1
DA:26,2
DA:27,2
DA:28,2
LF:6
LH:6
BRF:0
BRH:0
end_of_record
TN:
SF:src/table/index.ts
FNF:0
FNH:0
LF:0
LH:0
BRF:0
BRH:0
end_of_record
TN:
SF:src/table/types.ts
FN:34,(anonymous_0)
FN:38,(anonymous_1)
FN:42,(anonymous_2)
FNF:3
FNH:3
FNDA:2,(anonymous_0)
FNDA:2,(anonymous_1)
FNDA:2,(anonymous_2)
DA:31,1
DA:34,2
DA:38,2
DA:43,2
LF:4
LH:4
BRF:0
BRH:0
end_of_record
TN:
SF:src/table/components/table_body.tsx
FN:6,(anonymous_0)
FN:14,(anonymous_1)
FN:17,(anonymous_2)
FN:19,(anonymous_3)
FNF:4
FNH:2
FNDA:2,(anonymous_0)
FNDA:2,(anonymous_1)
FNDA:0,(anonymous_2)
FNDA:0,(anonymous_3)
DA:7,2
DA:8,2
DA:9,2
DA:15,2
DA:18,0
DA:19,0
LF:6
LH:4
BRF:0
BRH:0
end_of_record
TN:
SF:src/table/components/table_header.tsx
FN:11,(anonymous_0)
FN:21,(anonymous_1)
FN:23,(anonymous_2)
FN:31,(anonymous_3)
FN:33,(anonymous_4)
FNF:5
FNH:2
FNDA:2,(anonymous_0)
FNDA:2,(anonymous_1)
FNDA:0,(anonymous_2)
FNDA:0,(anonymous_3)
FNDA:0,(anonymous_4)
DA:12,2
DA:13,2
DA:14,2
DA:15,0
DA:22,2
DA:23,2
DA:24,0
DA:28,2
DA:32,0
DA:33,0
LF:10
LH:6
BRF:0
BRH:0
end_of_record
