<?xml version="1.0" encoding="UTF-8"?>
<testsuites name="jest tests" tests="3" failures="0" errors="0" time="3.277">
  <testsuite name="表格" errors="0" failures="0" skipped="0" timestamp="2021-11-05T02:06:00" time="1.51" tests="3">
    <testcase classname="表格 表格渲染测试" name="表格 表格渲染测试" time="0.025">
    </testcase>
    <testcase classname="表格 表格props测试" name="表格 表格props测试" time="0.018">
    </testcase>
    <testcase classname="表格 测试排序功能" name="表格 测试排序功能" time="0.075">
    </testcase>
  </testsuite>
</testsuites>