<?xml version="1.0" encoding="UTF-8"?>
<testsuites name="jest tests" tests="2" failures="2" errors="0" time="2.949">
  <testsuite name="Table" errors="0" failures="2" skipped="0" timestamp="2021-11-02T17:02:11" time="1.235" tests="2">
    <testcase classname="Table render" name="Table render" time="0.115">
      <failure>TypeError: Cannot read properties of undefined (reading &apos;map&apos;)
    at Proxy.render (/Users/lizhuo/Desktop/丰羽计划-lz/src/table/components/table_header.tsx:31:27)
    at /Users/lizhuo/Desktop/丰羽计划-lz/node_modules/@vue/composition-api/dist/vue-composition-api.common.js:1872:35
    at activateCurrentInstance (/Users/lizhuo/Desktop/丰羽计划-lz/node_modules/@vue/composition-api/dist/vue-composition-api.common.js:1824:16)
    at Proxy.$options.render (/Users/lizhuo/Desktop/丰羽计划-lz/node_modules/@vue/composition-api/dist/vue-composition-api.common.js:1871:24)
    at VueComponent.Vue._render (/Users/lizhuo/Desktop/丰羽计划-lz/node_modules/vue/dist/vue.runtime.common.dev.js:3559:22)
    at VueComponent.updateComponent (/Users/lizhuo/Desktop/丰羽计划-lz/node_modules/vue/dist/vue.runtime.common.dev.js:4069:21)
    at Watcher.get (/Users/lizhuo/Desktop/丰羽计划-lz/node_modules/vue/dist/vue.runtime.common.dev.js:4481:25)
    at new Watcher (/Users/lizhuo/Desktop/丰羽计划-lz/node_modules/vue/dist/vue.runtime.common.dev.js:4470:12)
    at mountComponent (/Users/lizhuo/Desktop/丰羽计划-lz/node_modules/vue/dist/vue.runtime.common.dev.js:4076:3)
    at VueComponent.Object.&lt;anonymous&gt;.Vue.$mount (/Users/lizhuo/Desktop/丰羽计划-lz/node_modules/vue/dist/vue.runtime.common.dev.js:8436:10)
    at init (/Users/lizhuo/Desktop/丰羽计划-lz/node_modules/vue/dist/vue.runtime.common.dev.js:3131:13)
    at createComponent (/Users/lizhuo/Desktop/丰羽计划-lz/node_modules/vue/dist/vue.runtime.common.dev.js:6002:9)
    at createElm (/Users/lizhuo/Desktop/丰羽计划-lz/node_modules/vue/dist/vue.runtime.common.dev.js:5949:9)
    at createChildren (/Users/lizhuo/Desktop/丰羽计划-lz/node_modules/vue/dist/vue.runtime.common.dev.js:6077:9)
    at createElm (/Users/lizhuo/Desktop/丰羽计划-lz/node_modules/vue/dist/vue.runtime.common.dev.js:5978:9)
    at VueComponent.patch [as __patch__] (/Users/lizhuo/Desktop/丰羽计划-lz/node_modules/vue/dist/vue.runtime.common.dev.js:6499:7)
    at VueComponent.Vue._update (/Users/lizhuo/Desktop/丰羽计划-lz/node_modules/vue/dist/vue.runtime.common.dev.js:3948:19)
    at VueComponent.updateComponent (/Users/lizhuo/Desktop/丰羽计划-lz/node_modules/vue/dist/vue.runtime.common.dev.js:4069:10)
    at Watcher.get (/Users/lizhuo/Desktop/丰羽计划-lz/node_modules/vue/dist/vue.runtime.common.dev.js:4481:25)
    at new Watcher (/Users/lizhuo/Desktop/丰羽计划-lz/node_modules/vue/dist/vue.runtime.common.dev.js:4470:12)
    at mountComponent (/Users/lizhuo/Desktop/丰羽计划-lz/node_modules/vue/dist/vue.runtime.common.dev.js:4076:3)
    at VueComponent.Object.&lt;anonymous&gt;.Vue.$mount (/Users/lizhuo/Desktop/丰羽计划-lz/node_modules/vue/dist/vue.runtime.common.dev.js:8436:10)
    at init (/Users/lizhuo/Desktop/丰羽计划-lz/node_modules/vue/dist/vue.runtime.common.dev.js:3131:13)
    at createComponent (/Users/lizhuo/Desktop/丰羽计划-lz/node_modules/vue/dist/vue.runtime.common.dev.js:6002:9)
    at createElm (/Users/lizhuo/Desktop/丰羽计划-lz/node_modules/vue/dist/vue.runtime.common.dev.js:5949:9)
    at VueComponent.patch [as __patch__] (/Users/lizhuo/Desktop/丰羽计划-lz/node_modules/vue/dist/vue.runtime.common.dev.js:6499:7)
    at VueComponent.Vue._update (/Users/lizhuo/Desktop/丰羽计划-lz/node_modules/vue/dist/vue.runtime.common.dev.js:3948:19)
    at VueComponent.updateComponent (/Users/lizhuo/Desktop/丰羽计划-lz/node_modules/vue/dist/vue.runtime.common.dev.js:4069:10)
    at Watcher.get (/Users/lizhuo/Desktop/丰羽计划-lz/node_modules/vue/dist/vue.runtime.common.dev.js:4481:25)
    at new Watcher (/Users/lizhuo/Desktop/丰羽计划-lz/node_modules/vue/dist/vue.runtime.common.dev.js:4470:12)
    at mountComponent (/Users/lizhuo/Desktop/丰羽计划-lz/node_modules/vue/dist/vue.runtime.common.dev.js:4076:3)
    at VueComponent.Object.&lt;anonymous&gt;.Vue.$mount (/Users/lizhuo/Desktop/丰羽计划-lz/node_modules/vue/dist/vue.runtime.common.dev.js:8436:10)
    at mount (/Users/lizhuo/Desktop/丰羽计划-lz/node_modules/@vue/test-utils/dist/vue-test-utils.js:14066:21)
    at TableMount (/Users/lizhuo/Desktop/丰羽计划-lz/src/__tests__/table.spec.js:5:33)
    at Object.&lt;anonymous&gt; (/Users/lizhuo/Desktop/丰羽计划-lz/src/__tests__/table.spec.js:8:21)
    at Promise.then.completed (/Users/lizhuo/Desktop/丰羽计划-lz/node_modules/jest-circus/build/utils.js:390:28)
    at new Promise (&lt;anonymous&gt;)
    at callAsyncCircusFn (/Users/lizhuo/Desktop/丰羽计划-lz/node_modules/jest-circus/build/utils.js:315:10)
    at _callCircusTest (/Users/lizhuo/Desktop/丰羽计划-lz/node_modules/jest-circus/build/run.js:218:40)
    at processTicksAndRejections (node:internal/process/task_queues:96:5)
    at _runTest (/Users/lizhuo/Desktop/丰羽计划-lz/node_modules/jest-circus/build/run.js:155:3)
    at _runTestsForDescribeBlock (/Users/lizhuo/Desktop/丰羽计划-lz/node_modules/jest-circus/build/run.js:66:9)
    at _runTestsForDescribeBlock (/Users/lizhuo/Desktop/丰羽计划-lz/node_modules/jest-circus/build/run.js:60:9)
    at run (/Users/lizhuo/Desktop/丰羽计划-lz/node_modules/jest-circus/build/run.js:25:3)
    at runAndTransformResultsToJestFormat (/Users/lizhuo/Desktop/丰羽计划-lz/node_modules/jest-circus/build/legacy-code-todo-rewrite/jestAdapterInit.js:167:21)
    at jestAdapter (/Users/lizhuo/Desktop/丰羽计划-lz/node_modules/jest-circus/build/legacy-code-todo-rewrite/jestAdapter.js:82:19)
    at runTestInternal (/Users/lizhuo/Desktop/丰羽计划-lz/node_modules/jest-runner/build/runTest.js:389:16)
    at runTest (/Users/lizhuo/Desktop/丰羽计划-lz/node_modules/jest-runner/build/runTest.js:475:34)
    at TestRunner.runTests (/Users/lizhuo/Desktop/丰羽计划-lz/node_modules/jest-runner/build/index.js:111:12)
    at TestScheduler.scheduleTests (/Users/lizhuo/Desktop/丰羽计划-lz/node_modules/@jest/core/build/TestScheduler.js:333:13)
    at runJest (/Users/lizhuo/Desktop/丰羽计划-lz/node_modules/@jest/core/build/runJest.js:401:19)
    at _run10000 (/Users/lizhuo/Desktop/丰羽计划-lz/node_modules/@jest/core/build/cli/index.js:320:7)
    at runCLI (/Users/lizhuo/Desktop/丰羽计划-lz/node_modules/@jest/core/build/cli/index.js:173:3)
    at Object.run (/Users/lizhuo/Desktop/丰羽计划-lz/node_modules/jest-cli/build/cli/index.js:155:37)</failure>
    </testcase>
    <testcase classname="Table props test" name="Table props test" time="0.036">
      <failure>TypeError: Cannot read properties of undefined (reading &apos;map&apos;)
    at Proxy.render (/Users/lizhuo/Desktop/丰羽计划-lz/src/table/components/table_header.tsx:31:27)
    at /Users/lizhuo/Desktop/丰羽计划-lz/node_modules/@vue/composition-api/dist/vue-composition-api.common.js:1872:35
    at activateCurrentInstance (/Users/lizhuo/Desktop/丰羽计划-lz/node_modules/@vue/composition-api/dist/vue-composition-api.common.js:1824:16)
    at Proxy.$options.render (/Users/lizhuo/Desktop/丰羽计划-lz/node_modules/@vue/composition-api/dist/vue-composition-api.common.js:1871:24)
    at VueComponent.Vue._render (/Users/lizhuo/Desktop/丰羽计划-lz/node_modules/vue/dist/vue.runtime.common.dev.js:3559:22)
    at VueComponent.updateComponent (/Users/lizhuo/Desktop/丰羽计划-lz/node_modules/vue/dist/vue.runtime.common.dev.js:4069:21)
    at Watcher.get (/Users/lizhuo/Desktop/丰羽计划-lz/node_modules/vue/dist/vue.runtime.common.dev.js:4481:25)
    at new Watcher (/Users/lizhuo/Desktop/丰羽计划-lz/node_modules/vue/dist/vue.runtime.common.dev.js:4470:12)
    at mountComponent (/Users/lizhuo/Desktop/丰羽计划-lz/node_modules/vue/dist/vue.runtime.common.dev.js:4076:3)
    at VueComponent.Object.&lt;anonymous&gt;.Vue.$mount (/Users/lizhuo/Desktop/丰羽计划-lz/node_modules/vue/dist/vue.runtime.common.dev.js:8436:10)
    at init (/Users/lizhuo/Desktop/丰羽计划-lz/node_modules/vue/dist/vue.runtime.common.dev.js:3131:13)
    at createComponent (/Users/lizhuo/Desktop/丰羽计划-lz/node_modules/vue/dist/vue.runtime.common.dev.js:6002:9)
    at createElm (/Users/lizhuo/Desktop/丰羽计划-lz/node_modules/vue/dist/vue.runtime.common.dev.js:5949:9)
    at createChildren (/Users/lizhuo/Desktop/丰羽计划-lz/node_modules/vue/dist/vue.runtime.common.dev.js:6077:9)
    at createElm (/Users/lizhuo/Desktop/丰羽计划-lz/node_modules/vue/dist/vue.runtime.common.dev.js:5978:9)
    at VueComponent.patch [as __patch__] (/Users/lizhuo/Desktop/丰羽计划-lz/node_modules/vue/dist/vue.runtime.common.dev.js:6499:7)
    at VueComponent.Vue._update (/Users/lizhuo/Desktop/丰羽计划-lz/node_modules/vue/dist/vue.runtime.common.dev.js:3948:19)
    at VueComponent.updateComponent (/Users/lizhuo/Desktop/丰羽计划-lz/node_modules/vue/dist/vue.runtime.common.dev.js:4069:10)
    at Watcher.get (/Users/lizhuo/Desktop/丰羽计划-lz/node_modules/vue/dist/vue.runtime.common.dev.js:4481:25)
    at new Watcher (/Users/lizhuo/Desktop/丰羽计划-lz/node_modules/vue/dist/vue.runtime.common.dev.js:4470:12)
    at mountComponent (/Users/lizhuo/Desktop/丰羽计划-lz/node_modules/vue/dist/vue.runtime.common.dev.js:4076:3)
    at VueComponent.Object.&lt;anonymous&gt;.Vue.$mount (/Users/lizhuo/Desktop/丰羽计划-lz/node_modules/vue/dist/vue.runtime.common.dev.js:8436:10)
    at init (/Users/lizhuo/Desktop/丰羽计划-lz/node_modules/vue/dist/vue.runtime.common.dev.js:3131:13)
    at createComponent (/Users/lizhuo/Desktop/丰羽计划-lz/node_modules/vue/dist/vue.runtime.common.dev.js:6002:9)
    at createElm (/Users/lizhuo/Desktop/丰羽计划-lz/node_modules/vue/dist/vue.runtime.common.dev.js:5949:9)
    at VueComponent.patch [as __patch__] (/Users/lizhuo/Desktop/丰羽计划-lz/node_modules/vue/dist/vue.runtime.common.dev.js:6499:7)
    at VueComponent.Vue._update (/Users/lizhuo/Desktop/丰羽计划-lz/node_modules/vue/dist/vue.runtime.common.dev.js:3948:19)
    at VueComponent.updateComponent (/Users/lizhuo/Desktop/丰羽计划-lz/node_modules/vue/dist/vue.runtime.common.dev.js:4069:10)
    at Watcher.get (/Users/lizhuo/Desktop/丰羽计划-lz/node_modules/vue/dist/vue.runtime.common.dev.js:4481:25)
    at new Watcher (/Users/lizhuo/Desktop/丰羽计划-lz/node_modules/vue/dist/vue.runtime.common.dev.js:4470:12)
    at mountComponent (/Users/lizhuo/Desktop/丰羽计划-lz/node_modules/vue/dist/vue.runtime.common.dev.js:4076:3)
    at VueComponent.Object.&lt;anonymous&gt;.Vue.$mount (/Users/lizhuo/Desktop/丰羽计划-lz/node_modules/vue/dist/vue.runtime.common.dev.js:8436:10)
    at mount (/Users/lizhuo/Desktop/丰羽计划-lz/node_modules/@vue/test-utils/dist/vue-test-utils.js:14066:21)
    at TableMount (/Users/lizhuo/Desktop/丰羽计划-lz/src/__tests__/table.spec.js:5:33)
    at Object.&lt;anonymous&gt; (/Users/lizhuo/Desktop/丰羽计划-lz/src/__tests__/table.spec.js:17:21)
    at Promise.then.completed (/Users/lizhuo/Desktop/丰羽计划-lz/node_modules/jest-circus/build/utils.js:390:28)
    at new Promise (&lt;anonymous&gt;)
    at callAsyncCircusFn (/Users/lizhuo/Desktop/丰羽计划-lz/node_modules/jest-circus/build/utils.js:315:10)
    at _callCircusTest (/Users/lizhuo/Desktop/丰羽计划-lz/node_modules/jest-circus/build/run.js:218:40)
    at processTicksAndRejections (node:internal/process/task_queues:96:5)
    at _runTest (/Users/lizhuo/Desktop/丰羽计划-lz/node_modules/jest-circus/build/run.js:155:3)
    at _runTestsForDescribeBlock (/Users/lizhuo/Desktop/丰羽计划-lz/node_modules/jest-circus/build/run.js:66:9)
    at _runTestsForDescribeBlock (/Users/lizhuo/Desktop/丰羽计划-lz/node_modules/jest-circus/build/run.js:60:9)
    at run (/Users/lizhuo/Desktop/丰羽计划-lz/node_modules/jest-circus/build/run.js:25:3)
    at runAndTransformResultsToJestFormat (/Users/lizhuo/Desktop/丰羽计划-lz/node_modules/jest-circus/build/legacy-code-todo-rewrite/jestAdapterInit.js:167:21)
    at jestAdapter (/Users/lizhuo/Desktop/丰羽计划-lz/node_modules/jest-circus/build/legacy-code-todo-rewrite/jestAdapter.js:82:19)
    at runTestInternal (/Users/lizhuo/Desktop/丰羽计划-lz/node_modules/jest-runner/build/runTest.js:389:16)
    at runTest (/Users/lizhuo/Desktop/丰羽计划-lz/node_modules/jest-runner/build/runTest.js:475:34)
    at TestRunner.runTests (/Users/lizhuo/Desktop/丰羽计划-lz/node_modules/jest-runner/build/index.js:111:12)
    at TestScheduler.scheduleTests (/Users/lizhuo/Desktop/丰羽计划-lz/node_modules/@jest/core/build/TestScheduler.js:333:13)
    at runJest (/Users/lizhuo/Desktop/丰羽计划-lz/node_modules/@jest/core/build/runJest.js:401:19)
    at _run10000 (/Users/lizhuo/Desktop/丰羽计划-lz/node_modules/@jest/core/build/cli/index.js:320:7)
    at runCLI (/Users/lizhuo/Desktop/丰羽计划-lz/node_modules/@jest/core/build/cli/index.js:173:3)
    at Object.run (/Users/lizhuo/Desktop/丰羽计划-lz/node_modules/jest-cli/build/cli/index.js:155:37)</failure>
    </testcase>
  </testsuite>
</testsuites>